{
  "stats": {
    "suites": 1,
    "tests": 2,
    "passes": 2,
    "pending": 0,
    "failures": 0,
    "start": "2022-12-07T02:42:55.446Z",
    "end": "2022-12-07T02:43:11.467Z",
    "duration": 16021,
    "testsRegistered": 2,
    "passPercent": 100,
    "pendingPercent": 0,
    "other": 0,
    "hasOther": false,
    "skipped": 0,
    "hasSkipped": false
  },
  "results": [
    {
      "uuid": "43a44d08-90c6-4aba-981b-2c141357e0c4",
      "title": "",
      "fullFile": "cypress\\e2e\\tests\\registration.cy.js",
      "file": "cypress\\e2e\\tests\\registration.cy.js",
      "beforeHooks": [],
      "afterHooks": [],
      "tests": [],
      "suites": [
        {
          "uuid": "d39fb670-04b9-48c9-a763-a20d152db9aa",
          "title": "Authentication",
          "fullFile": "",
          "file": "",
          "beforeHooks": [],
          "afterHooks": [],
          "tests": [
            {
              "title": "Register a new user with email",
              "fullTitle": "Authentication Register a new user with email",
              "timedOut": null,
              "duration": 11182,
              "state": "passed",
              "speed": "slow",
              "pass": true,
              "fail": false,
              "pending": false,
              "context": null,
              "code": "// Register using email\ncy.get('#signInOrRegister').should('be.visible');\ncy.get('#signInOrRegister').click();\ncy.get(_authentication.default.signUp).should('be.visible');\ncy.get(_authentication.default.signUp).click();\ncy.get('[type=email]').type(email);\ncy.get('[type=password]').type('Password123!');\ncy.get(_authentication.default.submitBtn).should('be.visible');\ncy.get(_authentication.default.submitBtn).click();\ncy.get(_authentication.default.banner).should('be.visible');\ncy.get(_authentication.default.banner).should('have.text', \"Products\");",
              "err": {},
              "uuid": "5ec637f0-0c4d-4169-8f22-3615bcd95677",
              "parentUUID": "d39fb670-04b9-48c9-a763-a20d152db9aa",
              "isHook": false,
              "skipped": false
            },
            {
              "title": "Register with invalid email address",
              "fullTitle": "Authentication Register with invalid email address",
              "timedOut": null,
              "duration": 4660,
              "state": "passed",
              "speed": "fast",
              "pass": true,
              "fail": false,
              "pending": false,
              "context": null,
              "code": "// Verify email\ncy.get('#signInOrRegister').should('be.visible');\ncy.get('#signInOrRegister').click();\ncy.get(_authentication.default.signUp).should('be.visible');\ncy.get(_authentication.default.signUp).click();\ncy.get('[type=email]').type('ree@com');\ncy.get('[type=password]').type('Password123!');\ncy.get(_authentication.default.submitBtn).should('be.visible');\ncy.get(_authentication.default.submitBtn).click();\ncy.get(_authentication.default.emailError).should('be.visible');\ncy.get(_authentication.default.emailError).should('have.text', \"Email is invalid\");",
              "err": {},
              "uuid": "72e2f3e9-ac9d-41ec-94bc-47a5eed75741",
              "parentUUID": "d39fb670-04b9-48c9-a763-a20d152db9aa",
              "isHook": false,
              "skipped": false
            }
          ],
          "suites": [],
          "passes": [
            "5ec637f0-0c4d-4169-8f22-3615bcd95677",
            "72e2f3e9-ac9d-41ec-94bc-47a5eed75741"
          ],
          "failures": [],
          "pending": [],
          "skipped": [],
          "duration": 15842,
          "root": false,
          "rootEmpty": false,
          "_timeout": 2000
        }
      ],
      "passes": [],
      "failures": [],
      "pending": [],
      "skipped": [],
      "duration": 0,
      "root": true,
      "rootEmpty": true,
      "_timeout": 2000
    }
  ],
  "meta": {
    "mocha": {
      "version": "7.0.1"
    },
    "mochawesome": {
      "options": {
        "quiet": false,
        "reportFilename": "mochawesome",
        "saveHtml": false,
        "saveJson": true,
        "consoleReporter": "spec",
        "useInlineDiffs": false,
        "code": true
      },
      "version": "7.1.3"
    },
    "marge": {
      "options": {
        "reportDir": "cypress/reports",
        "overwrite": false,
        "html": false,
        "json": true
      },
      "version": "6.2.0"
    }
  }
}