{
  "stats": {
    "suites": 1,
    "tests": 2,
    "passes": 0,
    "pending": 0,
    "failures": 2,
    "start": "2022-12-07T01:49:21.923Z",
    "end": "2022-12-07T01:49:50.688Z",
    "duration": 28765,
    "testsRegistered": 2,
    "passPercent": 0,
    "pendingPercent": 0,
    "other": 0,
    "hasOther": false,
    "skipped": 0,
    "hasSkipped": false
  },
  "results": [
    {
      "uuid": "a7750a9d-fef7-4ed2-87a8-16523eb1446f",
      "title": "",
      "fullFile": "cypress\\e2e\\tests\\products.cy.js",
      "file": "cypress\\e2e\\tests\\products.cy.js",
      "beforeHooks": [],
      "afterHooks": [],
      "tests": [],
      "suites": [
        {
          "uuid": "607fa5c3-152c-416a-b712-1ab70a89aead",
          "title": "Products",
          "fullFile": "",
          "file": "",
          "beforeHooks": [],
          "afterHooks": [],
          "tests": [
            {
              "title": "View Product Details",
              "fullTitle": "Products View Product Details",
              "timedOut": null,
              "duration": 13857,
              "state": "failed",
              "speed": null,
              "pass": false,
              "fail": true,
              "pending": false,
              "context": null,
              "code": "// Login with valid credentials\ncy.get('#signInOrRegister').should('be.visible');\ncy.get('#signInOrRegister').click();\ncy.get('[type=email]').type('marsenal2@yopmail.com');\ncy.get('[type=password]').type('Password123!');\ncy.get(_authentication.default.submitBtn).should('be.visible');\ncy.get(_authentication.default.submitBtn).click(); //View the details of a product\ncy.get(_products.default.hat).click();\ncy.get(_products.default.hatDetails).should('be.visible'); // cy.get(Products.hat).should('have.text', 'Quality Trucker Hat')\ncy.url().should('contain', 'quality-hat');",
              "err": {
                "message": "AssertionError: Timed out retrying after 4000ms: Expected to find element: `div[class=\"chakra-stack css-egoftb\"] h2[class=\"chakra-heading css-1dklj6k\"]`, but never found it.",
                "estack": "AssertionError: Timed out retrying after 4000ms: Expected to find element: `div[class=\"chakra-stack css-egoftb\"] h2[class=\"chakra-heading css-1dklj6k\"]`, but never found it.\n    at Context.eval (webpack:///./cypress/e2e/tests/products.cy.js:22:31)",
                "diff": null
              },
              "uuid": "7a35fce7-7c03-4c1c-9dd5-a920b0406611",
              "parentUUID": "607fa5c3-152c-416a-b712-1ab70a89aead",
              "isHook": false,
              "skipped": false
            },
            {
              "title": "Add A Product To Cart",
              "fullTitle": "Products Add A Product To Cart",
              "timedOut": null,
              "duration": 14556,
              "state": "failed",
              "speed": null,
              "pass": false,
              "fail": true,
              "pending": false,
              "context": null,
              "code": "// Login with valid credentials\ncy.get('#signInOrRegister').should('be.visible');\ncy.get('#signInOrRegister').click();\ncy.get('[type=email]').type('marsenal2@yopmail.com');\ncy.get('[type=password]').type('Password123!');\ncy.get(_authentication.default.submitBtn).should('be.visible');\ncy.get(_authentication.default.submitBtn).click(); //Add a product to cart\ncy.get('button[type=\"button\"][data-item-id=\"quality-shoes-3\"]').scrollIntoView(); // cy.get(Products.heelsAddToCart).should('be.visible')\ncy.get(_products.default.heelsAddToCart).click();\ncy.get(_products.default.cart).should('have.text', '$20.00');",
              "err": {
                "message": "AssertionError: Timed out retrying after 4000ms: expected '<button#top-cart.chakra-button.snipcart-checkout.css-186fne3>' to have text '$20.00', but the text was '$0.00'",
                "estack": "AssertionError: Timed out retrying after 4000ms: expected '<button#top-cart.chakra-button.snipcart-checkout.css-186fne3>' to have text '$20.00', but the text was '$0.00'\n    at Context.eval (webpack:///./cypress/e2e/tests/products.cy.js:42:25)",
                "diff": "- '$0.00'\n+ '$20.00'\n"
              },
              "uuid": "b3c59e29-2a65-4999-a6a0-58b52b39c95b",
              "parentUUID": "607fa5c3-152c-416a-b712-1ab70a89aead",
              "isHook": false,
              "skipped": false
            }
          ],
          "suites": [],
          "passes": [],
          "failures": [
            "7a35fce7-7c03-4c1c-9dd5-a920b0406611",
            "b3c59e29-2a65-4999-a6a0-58b52b39c95b"
          ],
          "pending": [],
          "skipped": [],
          "duration": 28413,
          "root": false,
          "rootEmpty": false,
          "_timeout": 2000
        }
      ],
      "passes": [],
      "failures": [],
      "pending": [],
      "skipped": [],
      "duration": 0,
      "root": true,
      "rootEmpty": true,
      "_timeout": 2000
    }
  ],
  "meta": {
    "mocha": {
      "version": "7.0.1"
    },
    "mochawesome": {
      "options": {
        "quiet": false,
        "reportFilename": "mochawesome",
        "saveHtml": false,
        "saveJson": true,
        "consoleReporter": "spec",
        "useInlineDiffs": false,
        "code": true
      },
      "version": "7.1.3"
    },
    "marge": {
      "options": {
        "reportDir": "cypress/reports",
        "overwrite": false,
        "html": false,
        "json": true
      },
      "version": "6.2.0"
    }
  }
}