{
  "stats": {
    "suites": 1,
    "tests": 1,
    "passes": 1,
    "pending": 0,
    "failures": 0,
    "start": "2022-12-07T00:18:36.357Z",
    "end": "2022-12-07T00:18:51.812Z",
    "duration": 15455,
    "testsRegistered": 1,
    "passPercent": 100,
    "pendingPercent": 0,
    "other": 0,
    "hasOther": false,
    "skipped": 0,
    "hasSkipped": false
  },
  "results": [
    {
      "uuid": "e7fb5ad4-635a-4450-abd5-9aada26b971d",
      "title": "",
      "fullFile": "cypress\\e2e\\tests\\addtocart.cy.js",
      "file": "cypress\\e2e\\tests\\addtocart.cy.js",
      "beforeHooks": [],
      "afterHooks": [],
      "tests": [],
      "suites": [
        {
          "uuid": "506b214b-cd2f-42a4-8854-56bc563118c2",
          "title": "Products",
          "fullFile": "",
          "file": "",
          "beforeHooks": [],
          "afterHooks": [],
          "tests": [
            {
              "title": "Add A Product To Cart",
              "fullTitle": "Products Add A Product To Cart",
              "timedOut": null,
              "duration": 15316,
              "state": "passed",
              "speed": "slow",
              "pass": true,
              "fail": false,
              "pending": false,
              "context": null,
              "code": "// Login with valid credentials\ncy.get('#signInOrRegister').should('be.visible');\ncy.get('#signInOrRegister').click();\ncy.get('[type=email]').type('marsenal2@yopmail.com');\ncy.get('[type=password]').type('Password123!');\ncy.get(_authentication.default.submitBtn).should('be.visible');\ncy.get(_authentication.default.submitBtn).click(); //Add a product to cart\ncy.get('button[type=\"button\"][data-item-id=\"quality-shoes-3\"]').scrollIntoView(); // cy.get(Products.heelsAddToCart).should('be.visible')\ncy.get(_products.default.heelsAddToCart).click();\ncy.get(_products.default.cart).should('have.text', '$20.00');",
              "err": {},
              "uuid": "cd6b40b8-a464-4044-9faf-27aef12f99ae",
              "parentUUID": "506b214b-cd2f-42a4-8854-56bc563118c2",
              "isHook": false,
              "skipped": false
            }
          ],
          "suites": [],
          "passes": [
            "cd6b40b8-a464-4044-9faf-27aef12f99ae"
          ],
          "failures": [],
          "pending": [],
          "skipped": [],
          "duration": 15316,
          "root": false,
          "rootEmpty": false,
          "_timeout": 2000
        }
      ],
      "passes": [],
      "failures": [],
      "pending": [],
      "skipped": [],
      "duration": 0,
      "root": true,
      "rootEmpty": true,
      "_timeout": 2000
    }
  ],
  "meta": {
    "mocha": {
      "version": "7.0.1"
    },
    "mochawesome": {
      "options": {
        "quiet": false,
        "reportFilename": "mochawesome",
        "saveHtml": false,
        "saveJson": true,
        "consoleReporter": "spec",
        "useInlineDiffs": false,
        "code": true
      },
      "version": "7.1.3"
    },
    "marge": {
      "options": {
        "reportDir": "cypress/reports",
        "overwrite": false,
        "html": false,
        "json": true
      },
      "version": "6.2.0"
    }
  }
}