{
  "stats": {
    "suites": 1,
    "tests": 3,
    "passes": 1,
    "pending": 0,
    "failures": 2,
    "start": "2022-12-06T22:04:51.007Z",
    "end": "2022-12-06T22:05:17.402Z",
    "duration": 26395,
    "testsRegistered": 3,
    "passPercent": 33.33333333333333,
    "pendingPercent": 0,
    "other": 0,
    "hasOther": false,
    "skipped": 0,
    "hasSkipped": false
  },
  "results": [
    {
      "uuid": "d5b3def9-6a7c-41c2-b9b5-7845fbdd6561",
      "title": "",
      "fullFile": "cypress\\e2e\\tests\\login.cy.js",
      "file": "cypress\\e2e\\tests\\login.cy.js",
      "beforeHooks": [],
      "afterHooks": [],
      "tests": [],
      "suites": [
        {
          "uuid": "34479bff-ab1c-49c2-be54-fd2b041d03ff",
          "title": "Authentication",
          "fullFile": "",
          "file": "",
          "beforeHooks": [],
          "afterHooks": [],
          "tests": [
            {
              "title": "Login valid user",
              "fullTitle": "Authentication Login valid user",
              "timedOut": null,
              "duration": 12037,
              "state": "failed",
              "speed": null,
              "pass": false,
              "fail": true,
              "pending": false,
              "context": null,
              "code": "// Login with valid credentials\ncy.get('#signInOrRegister').should('be.visible');\ncy.get('#signInOrRegister').click();\ncy.get('[type=email]').type('marsenal2@yopmail.com');\ncy.get('[type=password]').type('Password123!');\ncy.get(_authentication.default.signUpBtn).should('be.visible');\ncy.get(_authentication.default.signUpBtn).click();\ncy.get(_authentication.default.banner).should('be.visible');\ncy.get(_authentication.default.banner).should('have.text', \"Products\");",
              "err": {
                "message": "AssertionError: Timed out retrying after 4000ms: Expected to find element: `undefined`, but never found it.",
                "estack": "AssertionError: Timed out retrying after 4000ms: Expected to find element: `undefined`, but never found it.\n    at Context.eval (webpack:///./cypress/e2e/tests/login.cy.js:14:36)",
                "diff": null
              },
              "uuid": "6250efac-d235-4541-aeaa-b985deff4abf",
              "parentUUID": "34479bff-ab1c-49c2-be54-fd2b041d03ff",
              "isHook": false,
              "skipped": false
            },
            {
              "title": "Log in with invalid password",
              "fullTitle": "Authentication Log in with invalid password",
              "timedOut": null,
              "duration": 8713,
              "state": "failed",
              "speed": null,
              "pass": false,
              "fail": true,
              "pending": false,
              "context": null,
              "code": "// Login with valid credentials\ncy.get('#signInOrRegister').should('be.visible');\ncy.get('#signInOrRegister').click();\ncy.get('[type=email]').type('marsenal2@yopmail.com');\ncy.get('[type=password]').type('notTrue123!');\ncy.get(_authentication.default.signUpBtn).should('be.visible');\ncy.get(_authentication.default.signUpBtn).click();\ncy.get(_authentication.default.errorMsg).should('be.visible');\ncy.get(_authentication.default.errorMsg).should('have.text', 'Wrong email or password.');",
              "err": {
                "message": "AssertionError: Timed out retrying after 4000ms: Expected to find element: `undefined`, but never found it.",
                "estack": "AssertionError: Timed out retrying after 4000ms: Expected to find element: `undefined`, but never found it.\n    at Context.eval (webpack:///./cypress/e2e/tests/login.cy.js:26:35)",
                "diff": null
              },
              "uuid": "aee0fb12-cf5c-41c4-80a5-05b1586989b5",
              "parentUUID": "34479bff-ab1c-49c2-be54-fd2b041d03ff",
              "isHook": false,
              "skipped": false
            },
            {
              "title": "Use Forgot Password Feature",
              "fullTitle": "Authentication Use Forgot Password Feature",
              "timedOut": null,
              "duration": 5275,
              "state": "passed",
              "speed": "medium",
              "pass": true,
              "fail": false,
              "pending": false,
              "context": null,
              "code": "// Login with valid credentials\ncy.get('#signInOrRegister').should('be.visible');\ncy.get('#signInOrRegister').click(); //user enters their email address\ncy.get('[type=email]').type('marsenal2@yopmail.com');\ncy.get(_authentication.default.forgotPassword).should('be.visible');\ncy.get(_authentication.default.forgotPassword).click();\ncy.get(_authentication.default.submitBtn).click();\ncy.get(_authentication.default.resetMsg).should('be.visible');\ncy.get(_authentication.default.resetMsg).should('have.text', \"We've just sent you an email to reset your password.\");",
              "err": {},
              "uuid": "008b6968-2ccc-428e-8b3c-25b4af426d97",
              "parentUUID": "34479bff-ab1c-49c2-be54-fd2b041d03ff",
              "isHook": false,
              "skipped": false
            }
          ],
          "suites": [],
          "passes": [
            "008b6968-2ccc-428e-8b3c-25b4af426d97"
          ],
          "failures": [
            "6250efac-d235-4541-aeaa-b985deff4abf",
            "aee0fb12-cf5c-41c4-80a5-05b1586989b5"
          ],
          "pending": [],
          "skipped": [],
          "duration": 26025,
          "root": false,
          "rootEmpty": false,
          "_timeout": 2000
        }
      ],
      "passes": [],
      "failures": [],
      "pending": [],
      "skipped": [],
      "duration": 0,
      "root": true,
      "rootEmpty": true,
      "_timeout": 2000
    }
  ],
  "meta": {
    "mocha": {
      "version": "7.0.1"
    },
    "mochawesome": {
      "options": {
        "quiet": false,
        "reportFilename": "mochawesome",
        "saveHtml": false,
        "saveJson": true,
        "consoleReporter": "spec",
        "useInlineDiffs": false,
        "code": true
      },
      "version": "7.1.3"
    },
    "marge": {
      "options": {
        "reportDir": "cypress/reports",
        "overwrite": false,
        "html": false,
        "json": true
      },
      "version": "6.2.0"
    }
  }
}