{
  "stats": {
    "suites": 1,
    "tests": 1,
    "passes": 1,
    "pending": 0,
    "failures": 0,
    "start": "2022-12-06T20:58:39.400Z",
    "end": "2022-12-06T20:58:47.814Z",
    "duration": 8414,
    "testsRegistered": 1,
    "passPercent": 100,
    "pendingPercent": 0,
    "other": 0,
    "hasOther": false,
    "skipped": 0,
    "hasSkipped": false
  },
  "results": [
    {
      "uuid": "add7ab05-2267-4375-9918-52e4bccebc7c",
      "title": "",
      "fullFile": "cypress\\e2e\\tests\\login.cy.js",
      "file": "cypress\\e2e\\tests\\login.cy.js",
      "beforeHooks": [],
      "afterHooks": [],
      "tests": [],
      "suites": [
        {
          "uuid": "3af23120-c4fc-4453-a7e3-035f6d090c67",
          "title": "Authentication",
          "fullFile": "",
          "file": "",
          "beforeHooks": [],
          "afterHooks": [],
          "tests": [
            {
              "title": "Login registered user",
              "fullTitle": "Authentication Login registered user",
              "timedOut": null,
              "duration": 8369,
              "state": "passed",
              "speed": "medium",
              "pass": true,
              "fail": false,
              "pending": false,
              "context": null,
              "code": "// Login with valid credentials\ncy.get('#signInOrRegister').should('be.visible');\ncy.get('#signInOrRegister').click();\ncy.get('[type=email]').type('marsenal2@yopmail.com');\ncy.get('[type=password]').type('Password123!');\ncy.get(_authentication.default.signUpBtn).should('be.visible');\ncy.get(_authentication.default.signUpBtn).click(); // cy.get (Authentication.banner).should('be.visible')\n// cy.get (Authentication.banner).should('have.text', \"Automation Camp Store\")",
              "err": {},
              "uuid": "33d7e5f8-99e5-4334-8521-240f39698332",
              "parentUUID": "3af23120-c4fc-4453-a7e3-035f6d090c67",
              "isHook": false,
              "skipped": false
            }
          ],
          "suites": [],
          "passes": [
            "33d7e5f8-99e5-4334-8521-240f39698332"
          ],
          "failures": [],
          "pending": [],
          "skipped": [],
          "duration": 8369,
          "root": false,
          "rootEmpty": false,
          "_timeout": 2000
        }
      ],
      "passes": [],
      "failures": [],
      "pending": [],
      "skipped": [],
      "duration": 0,
      "root": true,
      "rootEmpty": true,
      "_timeout": 2000
    }
  ],
  "meta": {
    "mocha": {
      "version": "7.0.1"
    },
    "mochawesome": {
      "options": {
        "quiet": false,
        "reportFilename": "mochawesome",
        "saveHtml": false,
        "saveJson": true,
        "consoleReporter": "spec",
        "useInlineDiffs": false,
        "code": true
      },
      "version": "7.1.3"
    },
    "marge": {
      "options": {
        "reportDir": "cypress/reports",
        "overwrite": false,
        "html": false,
        "json": true
      },
      "version": "6.2.0"
    }
  }
}