{
  "stats": {
    "suites": 1,
    "tests": 2,
    "passes": 0,
    "pending": 0,
    "failures": 2,
    "start": "2022-12-07T02:16:56.597Z",
    "end": "2022-12-07T02:17:24.240Z",
    "duration": 27643,
    "testsRegistered": 2,
    "passPercent": 0,
    "pendingPercent": 0,
    "other": 0,
    "hasOther": false,
    "skipped": 0,
    "hasSkipped": false
  },
  "results": [
    {
      "uuid": "961740a6-83ef-4da0-b90a-62c17515ef63",
      "title": "",
      "fullFile": "cypress\\e2e\\tests\\products.cy.js",
      "file": "cypress\\e2e\\tests\\products.cy.js",
      "beforeHooks": [],
      "afterHooks": [],
      "tests": [],
      "suites": [
        {
          "uuid": "cca95eec-9014-4f80-aa7e-4b23a918239b",
          "title": "Products",
          "fullFile": "",
          "file": "",
          "beforeHooks": [],
          "afterHooks": [],
          "tests": [
            {
              "title": "View Product Details",
              "fullTitle": "Products View Product Details",
              "timedOut": null,
              "duration": 12628,
              "state": "failed",
              "speed": null,
              "pass": false,
              "fail": true,
              "pending": false,
              "context": null,
              "code": "// Login with valid credentials\ncy.get('#signInOrRegister').should('be.visible');\ncy.get('#signInOrRegister').click();\ncy.get('[type=email]').type('marsenal2@yopmail.com');\ncy.get('[type=password]').type('Password123!');\ncy.get(_authentication.default.submitBtn).should('be.visible');\ncy.get(_authentication.default.submitBtn).click(); //View the details of a product\ncy.get(_products.default.hat).click(); // cy.get(Products.hatDetails).should('be.visible')\n// cy.get(Products.hat).should('have.text', 'Quality Trucker Hat')\ncy.url().should('contain', 'quality-hat');",
              "err": {
                "message": "AssertionError: Timed out retrying after 4000ms: Expected to find element: `[src=\"/images/quality-hat.jpg\"]`, but never found it.",
                "estack": "AssertionError: Timed out retrying after 4000ms: Expected to find element: `[src=\"/images/quality-hat.jpg\"]`, but never found it.\n    at Context.eval (webpack:///./cypress/e2e/tests/products.cy.js:21:6)",
                "diff": null
              },
              "uuid": "513c9642-f492-40e5-83ca-91a8f2822415",
              "parentUUID": "cca95eec-9014-4f80-aa7e-4b23a918239b",
              "isHook": false,
              "skipped": false
            },
            {
              "title": "Add A Product To Cart",
              "fullTitle": "Products Add A Product To Cart",
              "timedOut": null,
              "duration": 14687,
              "state": "failed",
              "speed": null,
              "pass": false,
              "fail": true,
              "pending": false,
              "context": null,
              "code": "// Login with valid credentials\ncy.get('#signInOrRegister').should('be.visible');\ncy.get('#signInOrRegister').click();\ncy.get('[type=email]').type('marsenal2@yopmail.com');\ncy.get('[type=password]').type('Password123!');\ncy.get(_authentication.default.submitBtn).should('be.visible');\ncy.get(_authentication.default.submitBtn).click(); //Add a product to cart\ncy.get('button[type=\"button\"][data-item-id=\"quality-shoes-3\"]').scrollIntoView(); // cy.get(Products.heelsAddToCart).should('be.visible')\ncy.get(_products.default.heelsAddToCart).click();\ncy.get(_products.default.cart).should('have.text', '$20.00');",
              "err": {
                "message": "AssertionError: Timed out retrying after 4000ms: expected '<button#top-cart.chakra-button.snipcart-checkout.css-186fne3>' to have text '$20.00', but the text was '$0.00'",
                "estack": "AssertionError: Timed out retrying after 4000ms: expected '<button#top-cart.chakra-button.snipcart-checkout.css-186fne3>' to have text '$20.00', but the text was '$0.00'\n    at Context.eval (webpack:///./cypress/e2e/tests/products.cy.js:42:25)",
                "diff": "- '$0.00'\n+ '$20.00'\n"
              },
              "uuid": "35f38adc-6b0d-47fa-a1d6-0aaad094cd67",
              "parentUUID": "cca95eec-9014-4f80-aa7e-4b23a918239b",
              "isHook": false,
              "skipped": false
            }
          ],
          "suites": [],
          "passes": [],
          "failures": [
            "513c9642-f492-40e5-83ca-91a8f2822415",
            "35f38adc-6b0d-47fa-a1d6-0aaad094cd67"
          ],
          "pending": [],
          "skipped": [],
          "duration": 27315,
          "root": false,
          "rootEmpty": false,
          "_timeout": 2000
        }
      ],
      "passes": [],
      "failures": [],
      "pending": [],
      "skipped": [],
      "duration": 0,
      "root": true,
      "rootEmpty": true,
      "_timeout": 2000
    }
  ],
  "meta": {
    "mocha": {
      "version": "7.0.1"
    },
    "mochawesome": {
      "options": {
        "quiet": false,
        "reportFilename": "mochawesome",
        "saveHtml": false,
        "saveJson": true,
        "consoleReporter": "spec",
        "useInlineDiffs": false,
        "code": true
      },
      "version": "7.1.3"
    },
    "marge": {
      "options": {
        "reportDir": "cypress/reports",
        "overwrite": false,
        "html": false,
        "json": true
      },
      "version": "6.2.0"
    }
  }
}