{
  "stats": {
    "suites": 1,
    "tests": 1,
    "passes": 1,
    "pending": 3,
    "failures": -3,
    "start": "2022-12-08T01:57:36.138Z",
    "end": "2022-12-08T01:57:50.088Z",
    "duration": 13950,
    "testsRegistered": 4,
    "passPercent": 100,
    "pendingPercent": 75,
    "other": 3,
    "hasOther": true,
    "skipped": 3,
    "hasSkipped": true
  },
  "results": [
    {
      "uuid": "e28eeb92-ca43-4fd6-8174-cc46ef636926",
      "title": "",
      "fullFile": "cypress\\e2e\\tests\\products.cy.js",
      "file": "cypress\\e2e\\tests\\products.cy.js",
      "beforeHooks": [],
      "afterHooks": [],
      "tests": [],
      "suites": [
        {
          "uuid": "9f6ecd39-31fa-4d31-bb95-4343652031d7",
          "title": "Product Gallery",
          "fullFile": "",
          "file": "",
          "beforeHooks": [],
          "afterHooks": [],
          "tests": [
            {
              "title": "View Product Details",
              "fullTitle": "Product Gallery View Product Details",
              "timedOut": null,
              "duration": 0,
              "state": "pending",
              "speed": null,
              "pass": false,
              "fail": false,
              "pending": false,
              "context": null,
              "code": "// Login with valid credentials\ncy.get('#signInOrRegister').should('be.visible');\ncy.get('#signInOrRegister').click();\n_authentication.default.login('marsenal2@yopmail.com', 'Password123!'); //View details of a products\n\ncy.get(_products.default.hat).should('be.visible');\ncy.get(_products.default.hat).click();\ncy.url().should('contain', 'quality-hat');\ncy.get(_products.default.hatName).should('be.visible');",
              "err": {},
              "uuid": "bfeb78da-d553-4bf5-afaa-05f96aa343e7",
              "parentUUID": "9f6ecd39-31fa-4d31-bb95-4343652031d7",
              "isHook": false,
              "skipped": true
            },
            {
              "title": "Add a product to favorites",
              "fullTitle": "Product Gallery Add a product to favorites",
              "timedOut": null,
              "duration": 0,
              "state": "pending",
              "speed": null,
              "pass": false,
              "fail": false,
              "pending": false,
              "context": null,
              "code": "// Login with valid credentials\ncy.get('#signInOrRegister').should('be.visible');\ncy.get('#signInOrRegister').click();\n_authentication.default.login('marsenal2@yopmail.com', 'Password123!'); //Add a product to favorites\n\ncy.get(_products.default.favIcon).click();\ncy.get(_products.default.favCount).should('have.text', 'Favorites [1]');",
              "err": {},
              "uuid": "1d644232-e695-468b-9e74-c9c2ba84207f",
              "parentUUID": "9f6ecd39-31fa-4d31-bb95-4343652031d7",
              "isHook": false,
              "skipped": true
            },
            {
              "title": "Remove a product from favorites",
              "fullTitle": "Product Gallery Remove a product from favorites",
              "timedOut": null,
              "duration": 0,
              "state": "pending",
              "speed": null,
              "pass": false,
              "fail": false,
              "pending": false,
              "context": null,
              "code": "// Login with valid credentials\n// Login with valid credentials\ncy.get('#signInOrRegister').should('be.visible');\ncy.get('#signInOrRegister').click();\n_authentication.default.login('marsenal2@yopmail.com', 'Password123!'); //Add a product to favorites\n\ncy.get(_products.default.favIcon).click();\ncy.get(_products.default.favCount).should('have.text', 'Favorites [1]'); //Remove a product from favorites\ncy.get(_products.default.favCount).should('be.visible');\ncy.get(_products.default.favCount).click();\ncy.url().should('contain', 'favorites');\ncy.get(_products.default.favHeader).should('be.visible');\ncy.get(_products.default.favHeader).should('have.text', 'Favorites');\ncy.get(_products.default.removeFave).should('be.visible');\ncy.get(_products.default.removeFave).click();\ncy.get(_products.default.favCount).should('have.text', 'Favorites [0]');",
              "err": {},
              "uuid": "f722f0e7-74c0-4327-8cd2-57b1658a0dfa",
              "parentUUID": "9f6ecd39-31fa-4d31-bb95-4343652031d7",
              "isHook": false,
              "skipped": true
            },
            {
              "title": "Search for a product by full name",
              "fullTitle": "Product Gallery Search for a product by full name",
              "timedOut": null,
              "duration": 13752,
              "state": "passed",
              "speed": "slow",
              "pass": true,
              "fail": false,
              "pending": false,
              "context": null,
              "code": "// Login with valid credentials\ncy.get('#signInOrRegister').should('be.visible');\ncy.get('#signInOrRegister').click();\n_authentication.default.login('marsenal2@yopmail.com', 'Password123!'); //Search for a specific product\n\ncy.get(_products.default.searchBar).should('be.visible');\ncy.get(_products.default.searchBar).type('Red Couch');\ncy.get(_products.default.redCouch).should('be.visible');",
              "err": {},
              "uuid": "bbcb86f2-68e0-416e-b2fc-f2459716358a",
              "parentUUID": "9f6ecd39-31fa-4d31-bb95-4343652031d7",
              "isHook": false,
              "skipped": false
            }
          ],
          "suites": [],
          "passes": [
            "bbcb86f2-68e0-416e-b2fc-f2459716358a"
          ],
          "failures": [],
          "pending": [],
          "skipped": [
            "bfeb78da-d553-4bf5-afaa-05f96aa343e7",
            "1d644232-e695-468b-9e74-c9c2ba84207f",
            "f722f0e7-74c0-4327-8cd2-57b1658a0dfa"
          ],
          "duration": 13752,
          "root": false,
          "rootEmpty": false,
          "_timeout": 2000
        }
      ],
      "passes": [],
      "failures": [],
      "pending": [],
      "skipped": [],
      "duration": 0,
      "root": true,
      "rootEmpty": true,
      "_timeout": 2000
    }
  ],
  "meta": {
    "mocha": {
      "version": "7.0.1"
    },
    "mochawesome": {
      "options": {
        "quiet": false,
        "reportFilename": "mochawesome",
        "saveHtml": false,
        "saveJson": true,
        "consoleReporter": "spec",
        "useInlineDiffs": false,
        "code": true
      },
      "version": "7.1.3"
    },
    "marge": {
      "options": {
        "reportDir": "cypress/reports",
        "overwrite": false,
        "html": false,
        "json": true
      },
      "version": "6.2.0"
    }
  }
}