{
  "stats": {
    "suites": 1,
    "tests": 1,
    "passes": 0,
    "pending": 0,
    "failures": 1,
    "start": "2022-12-08T01:56:23.646Z",
    "end": "2022-12-08T01:56:42.602Z",
    "duration": 18956,
    "testsRegistered": 1,
    "passPercent": 0,
    "pendingPercent": 0,
    "other": 0,
    "hasOther": false,
    "skipped": 0,
    "hasSkipped": false
  },
  "results": [
    {
      "uuid": "630f0b06-3652-42d6-898a-e8a134f4b5d2",
      "title": "",
      "fullFile": "cypress\\e2e\\tests\\addtocart.cy.js",
      "file": "cypress\\e2e\\tests\\addtocart.cy.js",
      "beforeHooks": [],
      "afterHooks": [],
      "tests": [],
      "suites": [
        {
          "uuid": "b341bfff-7859-4ff0-9277-69efa01dc1fb",
          "title": "Add To Cart",
          "fullFile": "",
          "file": "",
          "beforeHooks": [],
          "afterHooks": [],
          "tests": [
            {
              "title": "Add a single item to cart",
              "fullTitle": "Add To Cart Add a single item to cart",
              "timedOut": null,
              "duration": 18718,
              "state": "failed",
              "speed": null,
              "pass": false,
              "fail": true,
              "pending": false,
              "context": null,
              "code": "// Login with valid credentials\ncy.get('#signInOrRegister').should('be.visible');\ncy.get('#signInOrRegister').click();\n_authentication.default.login('marsenal2@yopmail.com', 'Password123!'); //Add a product to cart\n\n_addtocart.default.addToCart();\ncy.get(_addtocart.default.cartSummary).should('be.visible');\ncy.get(_addtocart.default.cartSummary).should('have.text', '$20.00');",
              "err": {
                "message": "AssertionError: Timed out retrying after 4000ms: Expected to find element: `.snipcart-cart__secondary-header`, but never found it.",
                "estack": "AssertionError: Timed out retrying after 4000ms: Expected to find element: `.snipcart-cart__secondary-header`, but never found it.\n    at Context.eval (webpack:///./cypress/e2e/tests/addtocart.cy.js:19:33)",
                "diff": null
              },
              "uuid": "ed0cbbbb-8929-4c9b-a352-ca2cbf459ae4",
              "parentUUID": "b341bfff-7859-4ff0-9277-69efa01dc1fb",
              "isHook": false,
              "skipped": false
            }
          ],
          "suites": [],
          "passes": [],
          "failures": [
            "ed0cbbbb-8929-4c9b-a352-ca2cbf459ae4"
          ],
          "pending": [],
          "skipped": [],
          "duration": 18718,
          "root": false,
          "rootEmpty": false,
          "_timeout": 2000
        }
      ],
      "passes": [],
      "failures": [],
      "pending": [],
      "skipped": [],
      "duration": 0,
      "root": true,
      "rootEmpty": true,
      "_timeout": 2000
    }
  ],
  "meta": {
    "mocha": {
      "version": "7.0.1"
    },
    "mochawesome": {
      "options": {
        "quiet": false,
        "reportFilename": "mochawesome",
        "saveHtml": false,
        "saveJson": true,
        "consoleReporter": "spec",
        "useInlineDiffs": false,
        "code": true
      },
      "version": "7.1.3"
    },
    "marge": {
      "options": {
        "reportDir": "cypress/reports",
        "overwrite": false,
        "html": false,
        "json": true
      },
      "version": "6.2.0"
    }
  }
}