{
  "stats": {
    "suites": 1,
    "tests": 3,
    "passes": 2,
    "pending": 0,
    "failures": 1,
    "start": "2022-12-07T00:19:01.342Z",
    "end": "2022-12-07T00:19:27.363Z",
    "duration": 26021,
    "testsRegistered": 3,
    "passPercent": 66.66666666666666,
    "pendingPercent": 0,
    "other": 0,
    "hasOther": false,
    "skipped": 0,
    "hasSkipped": false
  },
  "results": [
    {
      "uuid": "d0ba9bd8-5529-49ff-8a23-f82a758de4eb",
      "title": "",
      "fullFile": "cypress\\e2e\\tests\\login.cy.js",
      "file": "cypress\\e2e\\tests\\login.cy.js",
      "beforeHooks": [],
      "afterHooks": [],
      "tests": [],
      "suites": [
        {
          "uuid": "63f05616-fef5-4e09-b409-cb9db6928c95",
          "title": "Authentication",
          "fullFile": "",
          "file": "",
          "beforeHooks": [],
          "afterHooks": [],
          "tests": [
            {
              "title": "Login valid user",
              "fullTitle": "Authentication Login valid user",
              "timedOut": null,
              "duration": 10434,
              "state": "passed",
              "speed": "slow",
              "pass": true,
              "fail": false,
              "pending": false,
              "context": null,
              "code": "// Login with valid credentials\ncy.get('#signInOrRegister').should('be.visible');\ncy.get('#signInOrRegister').click();\ncy.get('[type=email]').type('marsenal2@yopmail.com');\ncy.get('[type=password]').type('Password123!');\ncy.get(_authentication.default.submitBtn).should('be.visible');\ncy.get(_authentication.default.submitBtn).click();\ncy.get(_authentication.default.banner).should('be.visible');\ncy.get(_authentication.default.banner).should('have.text', \"Products\");",
              "err": {},
              "uuid": "c93260ee-5f80-4c6c-9e80-216920871a17",
              "parentUUID": "63f05616-fef5-4e09-b409-cb9db6928c95",
              "isHook": false,
              "skipped": false
            },
            {
              "title": "Log in with invalid password",
              "fullTitle": "Authentication Log in with invalid password",
              "timedOut": null,
              "duration": 9950,
              "state": "failed",
              "speed": null,
              "pass": false,
              "fail": true,
              "pending": false,
              "context": null,
              "code": "// Login with valid credentials\ncy.get('#signInOrRegister').should('be.visible');\ncy.get('#signInOrRegister').click();\ncy.get('[type=email]').type('letstest2@yopmail.com');\ncy.get('[type=password]').type('notTrue123!');\ncy.get(_authentication.default.submitBtn).should('be.visible');\ncy.get(_authentication.default.submitBtn).click();\ncy.get(_authentication.default.errorMsg).should('be.visible');\ncy.get(_authentication.default.errorMsg).should('have.text', 'Wrong email or password.');",
              "err": {
                "message": "AssertionError: Timed out retrying after 4000ms: expected '<div.auth0-global-message.auth0-global-message-error>' to have text 'Wrong email or password.', but the text was 'Your account has been blocked after multiple consecutive login attempts.'",
                "estack": "AssertionError: Timed out retrying after 4000ms: expected '<div.auth0-global-message.auth0-global-message-error>' to have text 'Wrong email or password.', but the text was 'Your account has been blocked after multiple consecutive login attempts.'\n    at Context.eval (webpack:///./cypress/e2e/tests/login.cy.js:30:35)",
                "diff": "- 'Your account has been blocked after multiple consecutive login attempts.'\n+ 'Wrong email or password.'\n"
              },
              "uuid": "225f47ae-d1f1-47fe-ad65-fdf964b40318",
              "parentUUID": "63f05616-fef5-4e09-b409-cb9db6928c95",
              "isHook": false,
              "skipped": false
            },
            {
              "title": "Use Forgot Password Feature",
              "fullTitle": "Authentication Use Forgot Password Feature",
              "timedOut": null,
              "duration": 5084,
              "state": "passed",
              "speed": "medium",
              "pass": true,
              "fail": false,
              "pending": false,
              "context": null,
              "code": "// Login with valid credentials\ncy.get('#signInOrRegister').should('be.visible');\ncy.get('#signInOrRegister').click(); //user enters their email address\ncy.get('[type=email]').type('letstest2@yopmail.com');\ncy.get(_authentication.default.forgotPassword).should('be.visible');\ncy.get(_authentication.default.forgotPassword).click();\ncy.get(_authentication.default.submitBtn).click();\ncy.get(_authentication.default.resetMsg).should('be.visible');\ncy.get(_authentication.default.resetMsg).should('have.text', \"We've just sent you an email to reset your password.\");",
              "err": {},
              "uuid": "8acec467-6fbc-425e-b6c3-e5d2fa45785a",
              "parentUUID": "63f05616-fef5-4e09-b409-cb9db6928c95",
              "isHook": false,
              "skipped": false
            }
          ],
          "suites": [],
          "passes": [
            "c93260ee-5f80-4c6c-9e80-216920871a17",
            "8acec467-6fbc-425e-b6c3-e5d2fa45785a"
          ],
          "failures": [
            "225f47ae-d1f1-47fe-ad65-fdf964b40318"
          ],
          "pending": [],
          "skipped": [],
          "duration": 25468,
          "root": false,
          "rootEmpty": false,
          "_timeout": 2000
        }
      ],
      "passes": [],
      "failures": [],
      "pending": [],
      "skipped": [],
      "duration": 0,
      "root": true,
      "rootEmpty": true,
      "_timeout": 2000
    }
  ],
  "meta": {
    "mocha": {
      "version": "7.0.1"
    },
    "mochawesome": {
      "options": {
        "quiet": false,
        "reportFilename": "mochawesome",
        "saveHtml": false,
        "saveJson": true,
        "consoleReporter": "spec",
        "useInlineDiffs": false,
        "code": true
      },
      "version": "7.1.3"
    },
    "marge": {
      "options": {
        "reportDir": "cypress/reports",
        "overwrite": false,
        "html": false,
        "json": true
      },
      "version": "6.2.0"
    }
  }
}