{
  "stats": {
    "suites": 1,
    "tests": 1,
    "passes": 0,
    "pending": 0,
    "failures": 1,
    "start": "2022-12-07T00:04:47.274Z",
    "end": "2022-12-07T00:05:05.172Z",
    "duration": 17898,
    "testsRegistered": 1,
    "passPercent": 0,
    "pendingPercent": 0,
    "other": 0,
    "hasOther": false,
    "skipped": 0,
    "hasSkipped": false
  },
  "results": [
    {
      "uuid": "e7dcf89c-ef38-4d7f-be6d-eb708e144925",
      "title": "",
      "fullFile": "cypress\\e2e\\tests\\addtocart.cy.js",
      "file": "cypress\\e2e\\tests\\addtocart.cy.js",
      "beforeHooks": [],
      "afterHooks": [],
      "tests": [],
      "suites": [
        {
          "uuid": "3ce977e8-15dc-4659-a14d-bd09d05b01ae",
          "title": "Products",
          "fullFile": "",
          "file": "",
          "beforeHooks": [],
          "afterHooks": [],
          "tests": [
            {
              "title": "Add A Product To Cart",
              "fullTitle": "Products Add A Product To Cart",
              "timedOut": null,
              "duration": 17712,
              "state": "failed",
              "speed": null,
              "pass": false,
              "fail": true,
              "pending": false,
              "context": null,
              "code": "// Login with valid credentials\ncy.get('#signInOrRegister').should('be.visible');\ncy.get('#signInOrRegister').click();\ncy.get('[type=email]').type('marsenal2@yopmail.com');\ncy.get('[type=password]').type('Password123!');\ncy.get(_authentication.default.submitBtn).should('be.visible');\ncy.get(_authentication.default.submitBtn).click(); //Add a product to cart\ncy.get(_products.default.heelsAddToCart).should('be.visible');\ncy.get(_products.default.heelsAddToCart).click();\ncy.get(_products.default.cart).should('have.text', '$20.00');",
              "err": {
                "message": "AssertionError: Timed out retrying after 4000ms: expected '<button#top-cart.chakra-button.snipcart-checkout.css-186fne3>' to have text '$20.00', but the text was '$0.00'",
                "estack": "AssertionError: Timed out retrying after 4000ms: expected '<button#top-cart.chakra-button.snipcart-checkout.css-186fne3>' to have text '$20.00', but the text was '$0.00'\n    at Context.eval (webpack:///./cypress/e2e/tests/addtocart.cy.js:22:25)",
                "diff": "- '$0.00'\n+ '$20.00'\n"
              },
              "uuid": "e1f95c5b-a1c3-435d-b240-8b6c96cb782b",
              "parentUUID": "3ce977e8-15dc-4659-a14d-bd09d05b01ae",
              "isHook": false,
              "skipped": false
            }
          ],
          "suites": [],
          "passes": [],
          "failures": [
            "e1f95c5b-a1c3-435d-b240-8b6c96cb782b"
          ],
          "pending": [],
          "skipped": [],
          "duration": 17712,
          "root": false,
          "rootEmpty": false,
          "_timeout": 2000
        }
      ],
      "passes": [],
      "failures": [],
      "pending": [],
      "skipped": [],
      "duration": 0,
      "root": true,
      "rootEmpty": true,
      "_timeout": 2000
    }
  ],
  "meta": {
    "mocha": {
      "version": "7.0.1"
    },
    "mochawesome": {
      "options": {
        "quiet": false,
        "reportFilename": "mochawesome",
        "saveHtml": false,
        "saveJson": true,
        "consoleReporter": "spec",
        "useInlineDiffs": false,
        "code": true
      },
      "version": "7.1.3"
    },
    "marge": {
      "options": {
        "reportDir": "cypress/reports",
        "overwrite": false,
        "html": false,
        "json": true
      },
      "version": "6.2.0"
    }
  }
}