{
  "stats": {
    "suites": 1,
    "tests": 1,
    "passes": 1,
    "pending": 0,
    "failures": 0,
    "start": "2022-12-08T01:58:40.977Z",
    "end": "2022-12-08T01:58:54.975Z",
    "duration": 13998,
    "testsRegistered": 1,
    "passPercent": 100,
    "pendingPercent": 0,
    "other": 0,
    "hasOther": false,
    "skipped": 0,
    "hasSkipped": false
  },
  "results": [
    {
      "uuid": "b6a755c2-422d-4397-827c-a21c8732e7b2",
      "title": "",
      "fullFile": "cypress\\e2e\\tests\\sort.cy.js",
      "file": "cypress\\e2e\\tests\\sort.cy.js",
      "beforeHooks": [],
      "afterHooks": [],
      "tests": [],
      "suites": [
        {
          "uuid": "1aa03ed2-73e7-4894-8040-e8253d233206",
          "title": "Sort By Price",
          "fullFile": "",
          "file": "",
          "beforeHooks": [],
          "afterHooks": [],
          "tests": [
            {
              "title": "should sort product from A to Z",
              "fullTitle": "Sort By Price should sort product from A to Z",
              "timedOut": null,
              "duration": 13600,
              "state": "passed",
              "speed": "slow",
              "pass": true,
              "fail": false,
              "pending": false,
              "context": null,
              "code": "//login with a valid user\ncy.get('#signInOrRegister').should('be.visible');\ncy.get('#signInOrRegister').click();\n_authentication.default.login('marsenal2@yopmail.com', 'Password123!'); //sort from A to Z\n\ncy.get(_sort.default.sortContainer).select('aToZ'); // \tvar priceList = ['$15.99', '$29.99', '$15.99', '$49.99', '$9.99', '$7.99']\n//  priceList.sort()\n// \tcy.get('.inventory_item_price').each(($elem, index) => {\n//     expect($elem.text()).equal(priceList[index])\n// })",
              "err": {},
              "uuid": "102a261d-7daa-448b-b223-43e702a04fb7",
              "parentUUID": "1aa03ed2-73e7-4894-8040-e8253d233206",
              "isHook": false,
              "skipped": false
            }
          ],
          "suites": [],
          "passes": [
            "102a261d-7daa-448b-b223-43e702a04fb7"
          ],
          "failures": [],
          "pending": [],
          "skipped": [],
          "duration": 13600,
          "root": false,
          "rootEmpty": false,
          "_timeout": 2000
        }
      ],
      "passes": [],
      "failures": [],
      "pending": [],
      "skipped": [],
      "duration": 0,
      "root": true,
      "rootEmpty": true,
      "_timeout": 2000
    }
  ],
  "meta": {
    "mocha": {
      "version": "7.0.1"
    },
    "mochawesome": {
      "options": {
        "quiet": false,
        "reportFilename": "mochawesome",
        "saveHtml": false,
        "saveJson": true,
        "consoleReporter": "spec",
        "useInlineDiffs": false,
        "code": true
      },
      "version": "7.1.3"
    },
    "marge": {
      "options": {
        "reportDir": "cypress/reports",
        "overwrite": false,
        "html": false,
        "json": true
      },
      "version": "6.2.0"
    }
  }
}