{
  "stats": {
    "suites": 1,
    "tests": 1,
    "passes": 0,
    "pending": 0,
    "failures": 1,
    "start": "2022-12-06T20:57:29.446Z",
    "end": "2022-12-06T20:57:44.188Z",
    "duration": 14742,
    "testsRegistered": 1,
    "passPercent": 0,
    "pendingPercent": 0,
    "other": 0,
    "hasOther": false,
    "skipped": 0,
    "hasSkipped": false
  },
  "results": [
    {
      "uuid": "ed15992d-33de-4d3e-9914-978fe50fab37",
      "title": "",
      "fullFile": "cypress\\e2e\\tests\\login.cy.js",
      "file": "cypress\\e2e\\tests\\login.cy.js",
      "beforeHooks": [],
      "afterHooks": [],
      "tests": [],
      "suites": [
        {
          "uuid": "bd74db73-cd83-40b3-b166-4d983ccb341a",
          "title": "Authentication",
          "fullFile": "",
          "file": "",
          "beforeHooks": [],
          "afterHooks": [],
          "tests": [
            {
              "title": "Login registered user",
              "fullTitle": "Authentication Login registered user",
              "timedOut": null,
              "duration": 14619,
              "state": "failed",
              "speed": null,
              "pass": false,
              "fail": true,
              "pending": false,
              "context": null,
              "code": "// Login with valid credentials\ncy.get('#signInOrRegister').should('be.visible');\ncy.get('#signInOrRegister').click();\ncy.get('[type=email]').type('marsenal2@yopmail.com');\ncy.get('[type=password]').type('Password123!');\ncy.get(_authentication.default.signUpBtn).should('be.visible');\ncy.get(_authentication.default.signUpBtn).click();\ncy.get(_authentication.default.banner).should('be.visible'); // cy.get (Authentication.banner).should('have.text', \"Automation Camp Store\")",
              "err": {
                "message": "AssertionError: Timed out retrying after 4000ms: Expected to find element: `#logo`, but never found it.",
                "estack": "AssertionError: Timed out retrying after 4000ms: Expected to find element: `#logo`, but never found it.\n    at Context.eval (webpack:///./cypress/e2e/tests/login.cy.js:16:34)",
                "diff": null
              },
              "uuid": "de40a642-ba87-4322-9ed2-424e1ece5c8c",
              "parentUUID": "bd74db73-cd83-40b3-b166-4d983ccb341a",
              "isHook": false,
              "skipped": false
            }
          ],
          "suites": [],
          "passes": [],
          "failures": [
            "de40a642-ba87-4322-9ed2-424e1ece5c8c"
          ],
          "pending": [],
          "skipped": [],
          "duration": 14619,
          "root": false,
          "rootEmpty": false,
          "_timeout": 2000
        }
      ],
      "passes": [],
      "failures": [],
      "pending": [],
      "skipped": [],
      "duration": 0,
      "root": true,
      "rootEmpty": true,
      "_timeout": 2000
    }
  ],
  "meta": {
    "mocha": {
      "version": "7.0.1"
    },
    "mochawesome": {
      "options": {
        "quiet": false,
        "reportFilename": "mochawesome",
        "saveHtml": false,
        "saveJson": true,
        "consoleReporter": "spec",
        "useInlineDiffs": false,
        "code": true
      },
      "version": "7.1.3"
    },
    "marge": {
      "options": {
        "reportDir": "cypress/reports",
        "overwrite": false,
        "html": false,
        "json": true
      },
      "version": "6.2.0"
    }
  }
}